<?xml version="1.0" encoding="UTF-8"?>
<coverage generated="1786110601575" clover="3.2.0">
  <project timestamp="1786110601575" name="All files">
    <metrics statements="62" coveredstatements="59" conditionals="89" coveredconditionals="72" methods="25" coveredmethods="22" elements="176" coveredelements="153" complexity="0" loc="62" ncloc="62" packages="3" files="5" classes="5"/>
    <package name="app">
      <metrics statements="1" coveredstatements="0" conditionals="0" coveredconditionals="0" methods="1" coveredmethods="0"/>
      <file name="not-found.tsx" path="/Users/olitreadwell/code/nz-tech-for-good/apps/web/src/app/not-found.tsx">
        <metrics statements="1" coveredstatements="0" conditionals="0" coveredconditionals="0" methods="1" coveredmethods="0"/>
        <line num="4" count="0" type="stmt"/>
      </file>
    </package>
    <package name="components">
      <metrics statements="33" coveredstatements="31" conditionals="45" coveredconditionals="41" methods="14" coveredmethods="12"/>
      <file name="EntryCard.tsx" path="/Users/olitreadwell/code/nz-tech-for-good/apps/web/src/components/EntryCard.tsx">
        <metrics statements="6" coveredstatements="6" conditionals="26" coveredconditionals="25" methods="4" coveredmethods="4"/>
        <line num="32" count="10" type="stmt"/>
        <line num="36" count="10" type="cond" truecount="2" falsecount="0"/>
        <line num="42" count="10" type="stmt"/>
        <line num="59" count="36" type="stmt"/>
        <line num="82" count="10" type="stmt"/>
        <line num="121" count="20" type="stmt"/>
      </file>
      <file name="Footer.tsx" path="/Users/olitreadwell/code/nz-tech-for-good/apps/web/src/components/Footer.tsx">
        <metrics statements="1" coveredstatements="1" conditionals="0" coveredconditionals="0" methods="1" coveredmethods="1"/>
        <line num="4" count="3" type="stmt"/>
      </file>
      <file name="Header.tsx" path="/Users/olitreadwell/code/nz-tech-for-good/apps/web/src/components/Header.tsx">
        <metrics statements="26" coveredstatements="24" conditionals="19" coveredconditionals="16" methods="9" coveredmethods="7"/>
        <line num="1" count="1" type="stmt"/>
        <line num="8" count="1" type="stmt"/>
        <line num="17" count="8" type="stmt"/>
        <line num="18" count="8" type="stmt"/>
        <line num="19" count="8" type="stmt"/>
        <line num="21" count="8" type="stmt"/>
        <line num="22" count="5" type="stmt"/>
        <line num="23" count="5" type="stmt"/>
        <line num="24" count="5" type="cond" truecount="3" falsecount="0"/>
        <line num="25" count="5" type="stmt"/>
        <line num="26" count="5" type="stmt"/>
        <line num="27" count="5" type="stmt"/>
        <line num="30" count="8" type="stmt"/>
        <line num="31" count="1" type="stmt"/>
        <line num="32" count="1" type="stmt"/>
        <line num="33" count="1" type="stmt"/>
        <line num="34" count="1" type="stmt"/>
        <line num="35" count="1" type="cond" truecount="1" falsecount="1"/>
        <line num="38" count="8" type="stmt"/>
        <line num="39" count="80" type="cond" truecount="2" falsecount="0"/>
        <line num="41" count="8" type="stmt"/>
        <line num="47" count="0" type="stmt"/>
        <line num="56" count="40" type="stmt"/>
        <line num="85" count="1" type="stmt"/>
        <line num="102" count="40" type="stmt"/>
        <line num="110" count="0" type="stmt"/>
      </file>
    </package>
    <package name="lib">
      <metrics statements="28" coveredstatements="28" conditionals="44" coveredconditionals="31" methods="10" coveredmethods="10"/>
      <file name="data.ts" path="/Users/olitreadwell/code/nz-tech-for-good/apps/web/src/lib/data.ts">
        <metrics statements="28" coveredstatements="28" conditionals="44" coveredconditionals="31" methods="10" coveredmethods="10"/>
        <line num="27" count="1" type="stmt"/>
        <line num="58" count="257" type="cond" truecount="1" falsecount="1"/>
        <line num="61" count="1" type="stmt"/>
        <line num="63" count="1" type="stmt"/>
        <line num="66" count="11" type="cond" truecount="2" falsecount="0"/>
        <line num="67" count="1" type="stmt"/>
        <line num="69" count="176" type="stmt"/>
        <line num="71" count="1" type="stmt"/>
        <line num="72" count="1" type="stmt"/>
        <line num="73" count="176" type="stmt"/>
        <line num="76" count="176" type="cond" truecount="1" falsecount="1"/>
        <line num="77" count="176" type="cond" truecount="1" falsecount="1"/>
        <line num="78" count="176" type="stmt"/>
        <line num="99" count="198" type="stmt"/>
        <line num="100" count="1" type="stmt"/>
        <line num="101" count="1" type="stmt"/>
        <line num="105" count="3" type="stmt"/>
        <line num="106" count="3" type="stmt"/>
        <line num="107" count="528" type="cond" truecount="2" falsecount="0"/>
        <line num="109" count="3" type="stmt"/>
        <line num="110" count="81" type="stmt"/>
        <line num="116" count="288" type="cond" truecount="2" falsecount="0"/>
        <line num="120" count="1" type="stmt"/>
        <line num="121" count="1" type="stmt"/>
        <line num="122" count="176" type="cond" truecount="2" falsecount="0"/>
        <line num="124" count="1" type="stmt"/>
        <line num="125" count="15" type="stmt"/>
        <line num="130" count="43" type="cond" truecount="2" falsecount="0"/>
      </file>
    </package>
  </project>
</coverage>
