{"/Users/olitreadwell/code/nz-tech-for-good/apps/web/src/app/not-found.tsx": {"path":"/Users/olitreadwell/code/nz-tech-for-good/apps/web/src/app/not-found.tsx","statementMap":{"0":{"start":{"line":4,"column":2},"end":{"line":31,"column":null}}},"fnMap":{"0":{"name":"NotFound","decl":{"start":{"line":3,"column":24},"end":{"line":3,"column":35}},"loc":{"start":{"line":3,"column":35},"end":{"line":33,"column":null}},"line":3}},"branchMap":{},"s":{"0":0},"f":{"0":0},"b":{},"meta":{"lastBranch":0,"lastFunction":1,"lastStatement":1,"seen":{"f:3:24:3:35":0,"s:4:2:31:Infinity":0},"fnNames":{}}}
,"/Users/olitreadwell/code/nz-tech-for-good/apps/web/src/components/EntryCard.tsx": {"path":"/Users/olitreadwell/code/nz-tech-for-good/apps/web/src/components/EntryCard.tsx","statementMap":{"0":{"start":{"line":32,"column":18},"end":{"line":34,"column":null}},"1":{"start":{"line":36,"column":4},"end":{"line":40,"column":null}},"2":{"start":{"line":42,"column":2},"end":{"line":48,"column":null}},"3":{"start":{"line":59,"column":2},"end":{"line":62,"column":null}},"4":{"start":{"line":82,"column":2},"end":{"line":165,"column":null}},"5":{"start":{"line":121,"column":12},"end":{"line":126,"column":null}}},"fnMap":{"0":{"name":"Freshness","decl":{"start":{"line":31,"column":9},"end":{"line":31,"column":19}},"loc":{"start":{"line":31,"column":47},"end":{"line":50,"column":null}},"line":31},"1":{"name":"MetaIcon","decl":{"start":{"line":52,"column":9},"end":{"line":52,"column":18}},"loc":{"start":{"line":58,"column":3},"end":{"line":64,"column":null}},"line":58},"2":{"name":"EntryCard","decl":{"start":{"line":66,"column":16},"end":{"line":66,"column":26}},"loc":{"start":{"line":81,"column":19},"end":{"line":167,"column":null}},"line":81},"3":{"name":"(anonymous_3)","decl":{"start":{"line":120,"column":28},"end":{"line":120,"column":33}},"loc":{"start":{"line":121,"column":12},"end":{"line":126,"column":null}},"line":121}},"branchMap":{"0":{"loc":{"start":{"line":36,"column":4},"end":{"line":40,"column":null}},"type":"cond-expr","locations":[{"start":{"line":37,"column":8},"end":{"line":37,"column":null}},{"start":{"line":38,"column":8},"end":{"line":40,"column":null}}],"line":36},"1":{"loc":{"start":{"line":38,"column":8},"end":{"line":40,"column":null}},"type":"cond-expr","locations":[{"start":{"line":39,"column":10},"end":{"line":39,"column":null}},{"start":{"line":40,"column":10},"end":{"line":40,"column":null}}],"line":38},"2":{"loc":{"start":{"line":44,"column":51},"end":{"line":44,"column":null}},"type":"cond-expr","locations":[{"start":{"line":44,"column":66},"end":{"line":44,"column":83}},{"start":{"line":44,"column":83},"end":{"line":44,"column":null}}],"line":44},"3":{"loc":{"start":{"line":91,"column":9},"end":{"line":97,"column":null}},"type":"binary-expr","locations":[{"start":{"line":91,"column":9},"end":{"line":91,"column":null}},{"start":{"line":92,"column":10},"end":{"line":97,"column":null}}],"line":91},"4":{"loc":{"start":{"line":109,"column":9},"end":{"line":109,"column":null}},"type":"binary-expr","locations":[{"start":{"line":109,"column":9},"end":{"line":109,"column":26}},{"start":{"line":109,"column":26},"end":{"line":109,"column":null}}],"line":109},"5":{"loc":{"start":{"line":110,"column":9},"end":{"line":110,"column":null}},"type":"binary-expr","locations":[{"start":{"line":110,"column":9},"end":{"line":110,"column":19}},{"start":{"line":110,"column":19},"end":{"line":110,"column":null}}],"line":110},"6":{"loc":{"start":{"line":111,"column":9},"end":{"line":111,"column":null}},"type":"binary-expr","locations":[{"start":{"line":111,"column":9},"end":{"line":111,"column":25}},{"start":{"line":111,"column":25},"end":{"line":111,"column":null}}],"line":111},"7":{"loc":{"start":{"line":112,"column":9},"end":{"line":113,"column":null}},"type":"binary-expr","locations":[{"start":{"line":112,"column":9},"end":{"line":112,"column":null}},{"start":{"line":113,"column":10},"end":{"line":113,"column":null}}],"line":112},"8":{"loc":{"start":{"line":115,"column":9},"end":{"line":115,"column":null}},"type":"binary-expr","locations":[{"start":{"line":115,"column":9},"end":{"line":115,"column":23}},{"start":{"line":115,"column":23},"end":{"line":115,"column":null}}],"line":115},"9":{"loc":{"start":{"line":118,"column":7},"end":{"line":128,"column":null}},"type":"binary-expr","locations":[{"start":{"line":118,"column":7},"end":{"line":118,"column":null}},{"start":{"line":119,"column":8},"end":{"line":128,"column":null}}],"line":118},"10":{"loc":{"start":{"line":131,"column":9},"end":{"line":140,"column":null}},"type":"binary-expr","locations":[{"start":{"line":131,"column":9},"end":{"line":131,"column":null}},{"start":{"line":132,"column":10},"end":{"line":140,"column":null}}],"line":131},"11":{"loc":{"start":{"line":142,"column":9},"end":{"line":151,"column":null}},"type":"binary-expr","locations":[{"start":{"line":142,"column":9},"end":{"line":142,"column":null}},{"start":{"line":143,"column":10},"end":{"line":151,"column":null}}],"line":142},"12":{"loc":{"start":{"line":153,"column":9},"end":{"line":162,"column":null}},"type":"binary-expr","locations":[{"start":{"line":153,"column":9},"end":{"line":153,"column":null}},{"start":{"line":154,"column":10},"end":{"line":162,"column":null}}],"line":153}},"s":{"0":10,"1":10,"2":10,"3":36,"4":10,"5":20},"f":{"0":10,"1":36,"2":10,"3":20},"b":{"0":[9,1],"1":[0,1],"2":[1,9],"3":[10,9],"4":[10,10],"5":[10,9],"6":[10,9],"7":[10,9],"8":[10,9],"9":[10,10],"10":[10,9],"11":[10,9],"12":[10,9]},"meta":{"lastBranch":13,"lastFunction":4,"lastStatement":6,"seen":{"f:31:9:31:19":0,"s:32:18:34:Infinity":0,"s:36:4:40:Infinity":1,"b:37:8:37:Infinity:38:8:40:Infinity":0,"b:39:10:39:Infinity:40:10:40:Infinity":1,"s:42:2:48:Infinity":2,"b:44:66:44:83:44:83:44:Infinity":2,"f:52:9:52:18":1,"s:59:2:62:Infinity":3,"f:66:16:66:26":2,"s:82:2:165:Infinity":4,"b:91:9:91:Infinity:92:10:97:Infinity":3,"b:109:9:109:26:109:26:109:Infinity":4,"b:110:9:110:19:110:19:110:Infinity":5,"b:111:9:111:25:111:25:111:Infinity":6,"b:112:9:112:Infinity:113:10:113:Infinity":7,"b:115:9:115:23:115:23:115:Infinity":8,"b:118:7:118:Infinity:119:8:128:Infinity":9,"f:120:28:120:33":3,"s:121:12:126:Infinity":5,"b:131:9:131:Infinity:132:10:140:Infinity":10,"b:142:9:142:Infinity:143:10:151:Infinity":11,"b:153:9:153:Infinity:154:10:162:Infinity":12},"fnNames":{}}}
,"/Users/olitreadwell/code/nz-tech-for-good/apps/web/src/components/Footer.tsx": {"path":"/Users/olitreadwell/code/nz-tech-for-good/apps/web/src/components/Footer.tsx","statementMap":{"0":{"start":{"line":4,"column":2},"end":{"line":124,"column":null}}},"fnMap":{"0":{"name":"Footer","decl":{"start":{"line":3,"column":16},"end":{"line":3,"column":25}},"loc":{"start":{"line":3,"column":25},"end":{"line":126,"column":null}},"line":3}},"branchMap":{},"s":{"0":3},"f":{"0":3},"b":{},"meta":{"lastBranch":0,"lastFunction":1,"lastStatement":1,"seen":{"f:3:16:3:25":0,"s:4:2:124:Infinity":0},"fnNames":{}}}
,"/Users/olitreadwell/code/nz-tech-for-good/apps/web/src/components/Header.tsx": {"path":"/Users/olitreadwell/code/nz-tech-for-good/apps/web/src/components/Header.tsx","statementMap":{"0":{"start":{"line":1,"column":0},"end":{"line":1,"column":null}},"1":{"start":{"line":8,"column":14},"end":{"line":14,"column":null}},"2":{"start":{"line":17,"column":26},"end":{"line":17,"column":null}},"3":{"start":{"line":18,"column":26},"end":{"line":18,"column":null}},"4":{"start":{"line":19,"column":19},"end":{"line":19,"column":31}},"5":{"start":{"line":21,"column":2},"end":{"line":28,"column":null}},"6":{"start":{"line":22,"column":18},"end":{"line":22,"column":null}},"7":{"start":{"line":23,"column":20},"end":{"line":23,"column":null}},"8":{"start":{"line":24,"column":19},"end":{"line":24,"column":null}},"9":{"start":{"line":25,"column":4},"end":{"line":25,"column":null}},"10":{"start":{"line":26,"column":4},"end":{"line":26,"column":null}},"11":{"start":{"line":27,"column":4},"end":{"line":27,"column":null}},"12":{"start":{"line":30,"column":8},"end":{"line":36,"column":null}},"13":{"start":{"line":31,"column":17},"end":{"line":31,"column":null}},"14":{"start":{"line":32,"column":4},"end":{"line":32,"column":null}},"15":{"start":{"line":33,"column":4},"end":{"line":33,"column":null}},"16":{"start":{"line":34,"column":4},"end":{"line":34,"column":null}},"17":{"start":{"line":35,"column":4},"end":{"line":35,"column":null}},"18":{"start":{"line":38,"column":8},"end":{"line":39,"column":null}},"19":{"start":{"line":39,"column":4},"end":{"line":39,"column":null}},"20":{"start":{"line":41,"column":2},"end":{"line":117,"column":null}},"21":{"start":{"line":47,"column":25},"end":{"line":47,"column":null}},"22":{"start":{"line":56,"column":14},"end":{"line":66,"column":null}},"23":{"start":{"line":85,"column":27},"end":{"line":85,"column":null}},"24":{"start":{"line":102,"column":12},"end":{"line":113,"column":null}},"25":{"start":{"line":110,"column":29},"end":{"line":110,"column":null}}},"fnMap":{"0":{"name":"Header","decl":{"start":{"line":16,"column":16},"end":{"line":16,"column":25}},"loc":{"start":{"line":16,"column":25},"end":{"line":119,"column":null}},"line":16},"1":{"name":"(anonymous_1)","decl":{"start":{"line":21,"column":2},"end":{"line":21,"column":18}},"loc":{"start":{"line":21,"column":18},"end":{"line":28,"column":5}},"line":21},"2":{"name":"(anonymous_2)","decl":{"start":{"line":30,"column":8},"end":{"line":30,"column":28}},"loc":{"start":{"line":30,"column":28},"end":{"line":36,"column":null}},"line":30},"3":{"name":"(anonymous_3)","decl":{"start":{"line":38,"column":8},"end":{"line":38,"column":20}},"loc":{"start":{"line":39,"column":4},"end":{"line":39,"column":null}},"line":39},"4":{"name":"(anonymous_4)","decl":{"start":{"line":47,"column":10},"end":{"line":47,"column":25}},"loc":{"start":{"line":47,"column":25},"end":{"line":47,"column":null}},"line":47},"5":{"name":"(anonymous_5)","decl":{"start":{"line":55,"column":19},"end":{"line":55,"column":24}},"loc":{"start":{"line":56,"column":14},"end":{"line":66,"column":null}},"line":56},"6":{"name":"(anonymous_6)","decl":{"start":{"line":85,"column":12},"end":{"line":85,"column":27}},"loc":{"start":{"line":85,"column":27},"end":{"line":85,"column":null}},"line":85},"7":{"name":"(anonymous_7)","decl":{"start":{"line":101,"column":17},"end":{"line":101,"column":22}},"loc":{"start":{"line":102,"column":12},"end":{"line":113,"column":null}},"line":102},"8":{"name":"(anonymous_8)","decl":{"start":{"line":110,"column":14},"end":{"line":110,"column":29}},"loc":{"start":{"line":110,"column":29},"end":{"line":110,"column":null}},"line":110}},"branchMap":{"0":{"loc":{"start":{"line":24,"column":19},"end":{"line":24,"column":null}},"type":"binary-expr","locations":[{"start":{"line":24,"column":19},"end":{"line":24,"column":40}},{"start":{"line":24,"column":40},"end":{"line":24,"column":50}},{"start":{"line":24,"column":50},"end":{"line":24,"column":null}}],"line":24},"1":{"loc":{"start":{"line":35,"column":34},"end":{"line":35,"column":57}},"type":"cond-expr","locations":[{"start":{"line":35,"column":41},"end":{"line":35,"column":50}},{"start":{"line":35,"column":50},"end":{"line":35,"column":57}}],"line":35},"2":{"loc":{"start":{"line":39,"column":4},"end":{"line":39,"column":null}},"type":"binary-expr","locations":[{"start":{"line":39,"column":4},"end":{"line":39,"column":25}},{"start":{"line":39,"column":25},"end":{"line":39,"column":null}}],"line":39},"3":{"loc":{"start":{"line":60,"column":18},"end":{"line":62,"column":null}},"type":"cond-expr","locations":[{"start":{"line":61,"column":22},"end":{"line":61,"column":null}},{"start":{"line":62,"column":22},"end":{"line":62,"column":null}}],"line":60},"4":{"loc":{"start":{"line":77,"column":13},"end":{"line":77,"column":null}},"type":"cond-expr","locations":[{"start":{"line":77,"column":20},"end":{"line":77,"column":51}},{"start":{"line":77,"column":50},"end":{"line":77,"column":null}}],"line":77},"5":{"loc":{"start":{"line":86,"column":24},"end":{"line":86,"column":null}},"type":"cond-expr","locations":[{"start":{"line":86,"column":31},"end":{"line":86,"column":46}},{"start":{"line":86,"column":46},"end":{"line":86,"column":null}}],"line":86},"6":{"loc":{"start":{"line":89,"column":13},"end":{"line":89,"column":null}},"type":"cond-expr","locations":[{"start":{"line":89,"column":20},"end":{"line":89,"column":49}},{"start":{"line":89,"column":48},"end":{"line":89,"column":null}}],"line":89},"7":{"loc":{"start":{"line":97,"column":10},"end":{"line":97,"column":null}},"type":"cond-expr","locations":[{"start":{"line":97,"column":17},"end":{"line":97,"column":53}},{"start":{"line":97,"column":53},"end":{"line":97,"column":null}}],"line":97},"8":{"loc":{"start":{"line":106,"column":16},"end":{"line":108,"column":null}},"type":"cond-expr","locations":[{"start":{"line":107,"column":20},"end":{"line":107,"column":null}},{"start":{"line":108,"column":20},"end":{"line":108,"column":null}}],"line":106}},"s":{"0":1,"1":1,"2":8,"3":8,"4":8,"5":8,"6":5,"7":5,"8":5,"9":5,"10":5,"11":5,"12":8,"13":1,"14":1,"15":1,"16":1,"17":1,"18":8,"19":80,"20":8,"21":0,"22":40,"23":1,"24":40,"25":0},"f":{"0":8,"1":5,"2":1,"3":80,"4":0,"5":40,"6":1,"7":40,"8":0},"b":{"0":[5,5,5],"1":[1,0],"2":[80,80],"3":[0,40],"4":[1,7],"5":[3,5],"6":[3,5],"7":[3,5],"8":[0,40]},"meta":{"lastBranch":9,"lastFunction":9,"lastStatement":26,"seen":{"s:1:0:1:Infinity":0,"s:8:14:14:Infinity":1,"f:16:16:16:25":0,"s:17:26:17:Infinity":2,"s:18:26:18:Infinity":3,"s:19:19:19:31":4,"s:21:2:28:Infinity":5,"f:21:2:21:18":1,"s:22:18:22:Infinity":6,"s:23:20:23:Infinity":7,"s:24:19:24:Infinity":8,"b:24:19:24:40:24:40:24:50:24:50:24:Infinity":0,"s:25:4:25:Infinity":9,"s:26:4:26:Infinity":10,"s:27:4:27:Infinity":11,"s:30:8:36:Infinity":12,"f:30:8:30:28":2,"s:31:17:31:Infinity":13,"s:32:4:32:Infinity":14,"s:33:4:33:Infinity":15,"s:34:4:34:Infinity":16,"s:35:4:35:Infinity":17,"b:35:41:35:50:35:50:35:57":1,"s:38:8:39:Infinity":18,"f:38:8:38:20":3,"s:39:4:39:Infinity":19,"b:39:4:39:25:39:25:39:Infinity":2,"s:41:2:117:Infinity":20,"f:47:10:47:25":4,"s:47:25:47:Infinity":21,"f:55:19:55:24":5,"s:56:14:66:Infinity":22,"b:61:22:61:Infinity:62:22:62:Infinity":3,"b:77:20:77:51:77:50:77:Infinity":4,"f:85:12:85:27":6,"s:85:27:85:Infinity":23,"b:86:31:86:46:86:46:86:Infinity":5,"b:89:20:89:49:89:48:89:Infinity":6,"b:97:17:97:53:97:53:97:Infinity":7,"f:101:17:101:22":7,"s:102:12:113:Infinity":24,"b:107:20:107:Infinity:108:20:108:Infinity":8,"f:110:14:110:29":8,"s:110:29:110:Infinity":25},"fnNames":{}}}
,"/Users/olitreadwell/code/nz-tech-for-good/apps/web/src/lib/data.ts": {"path":"/Users/olitreadwell/code/nz-tech-for-good/apps/web/src/lib/data.ts","statementMap":{"0":{"start":{"line":27,"column":46},"end":{"line":55,"column":null}},"1":{"start":{"line":58,"column":2},"end":{"line":58,"column":null}},"2":{"start":{"line":61,"column":20},"end":{"line":61,"column":null}},"3":{"start":{"line":63,"column":31},"end":{"line":63,"column":null}},"4":{"start":{"line":66,"column":2},"end":{"line":66,"column":null}},"5":{"start":{"line":66,"column":16},"end":{"line":66,"column":null}},"6":{"start":{"line":67,"column":16},"end":{"line":70,"column":null}},"7":{"start":{"line":69,"column":19},"end":{"line":69,"column":38}},"8":{"start":{"line":71,"column":27},"end":{"line":71,"column":null}},"9":{"start":{"line":72,"column":2},"end":{"line":98,"column":null}},"10":{"start":{"line":73,"column":16},"end":{"line":75,"column":null}},"11":{"start":{"line":76,"column":4},"end":{"line":76,"column":null}},"12":{"start":{"line":76,"column":20},"end":{"line":76,"column":null}},"13":{"start":{"line":77,"column":19},"end":{"line":77,"column":null}},"14":{"start":{"line":78,"column":4},"end":{"line":97,"column":null}},"15":{"start":{"line":99,"column":2},"end":{"line":99,"column":null}},"16":{"start":{"line":99,"column":25},"end":{"line":99,"column":53}},"17":{"start":{"line":100,"column":2},"end":{"line":100,"column":null}},"18":{"start":{"line":101,"column":2},"end":{"line":101,"column":null}},"19":{"start":{"line":105,"column":17},"end":{"line":105,"column":null}},"20":{"start":{"line":106,"column":2},"end":{"line":108,"column":null}},"21":{"start":{"line":107,"column":4},"end":{"line":107,"column":null}},"22":{"start":{"line":109,"column":2},"end":{"line":116,"column":null}},"23":{"start":{"line":110,"column":28},"end":{"line":115,"column":6}},"24":{"start":{"line":116,"column":20},"end":{"line":116,"column":71}},"25":{"start":{"line":120,"column":17},"end":{"line":120,"column":null}},"26":{"start":{"line":121,"column":2},"end":{"line":123,"column":null}},"27":{"start":{"line":122,"column":4},"end":{"line":122,"column":null}},"28":{"start":{"line":124,"column":2},"end":{"line":130,"column":null}},"29":{"start":{"line":125,"column":29},"end":{"line":129,"column":6}},"30":{"start":{"line":130,"column":20},"end":{"line":130,"column":69}}},"fnMap":{"0":{"name":"domainLabel","decl":{"start":{"line":57,"column":9},"end":{"line":57,"column":21}},"loc":{"start":{"line":57,"column":45},"end":{"line":59,"column":null}},"line":57},"1":{"name":"getAllEntries","decl":{"start":{"line":65,"column":16},"end":{"line":65,"column":41}},"loc":{"start":{"line":65,"column":41},"end":{"line":102,"column":null}},"line":65},"2":{"name":"(anonymous_2)","decl":{"start":{"line":69,"column":5},"end":{"line":69,"column":13}},"loc":{"start":{"line":69,"column":19},"end":{"line":69,"column":38}},"line":69},"3":{"name":"(anonymous_3)","decl":{"start":{"line":99,"column":10},"end":{"line":99,"column":16}},"loc":{"start":{"line":99,"column":25},"end":{"line":99,"column":53}},"line":99},"4":{"name":"getDomains","decl":{"start":{"line":104,"column":16},"end":{"line":104,"column":29}},"loc":{"start":{"line":104,"column":29},"end":{"line":117,"column":null}},"line":104},"5":{"name":"(anonymous_5)","decl":{"start":{"line":110,"column":5},"end":{"line":110,"column":10}},"loc":{"start":{"line":110,"column":28},"end":{"line":115,"column":6}},"line":110},"6":{"name":"(anonymous_6)","decl":{"start":{"line":116,"column":5},"end":{"line":116,"column":11}},"loc":{"start":{"line":116,"column":20},"end":{"line":116,"column":71}},"line":116},"7":{"name":"getRegions","decl":{"start":{"line":119,"column":16},"end":{"line":119,"column":29}},"loc":{"start":{"line":119,"column":29},"end":{"line":131,"column":null}},"line":119},"8":{"name":"(anonymous_8)","decl":{"start":{"line":125,"column":5},"end":{"line":125,"column":10}},"loc":{"start":{"line":125,"column":29},"end":{"line":129,"column":6}},"line":125},"9":{"name":"(anonymous_9)","decl":{"start":{"line":130,"column":5},"end":{"line":130,"column":11}},"loc":{"start":{"line":130,"column":20},"end":{"line":130,"column":69}},"line":130}},"branchMap":{"0":{"loc":{"start":{"line":58,"column":9},"end":{"line":58,"column":null}},"type":"binary-expr","locations":[{"start":{"line":58,"column":9},"end":{"line":58,"column":34}},{"start":{"line":58,"column":34},"end":{"line":58,"column":null}}],"line":58},"1":{"loc":{"start":{"line":66,"column":2},"end":{"line":66,"column":null}},"type":"if","locations":[{"start":{"line":66,"column":2},"end":{"line":66,"column":null}},{"start":{},"end":{}}],"line":66},"2":{"loc":{"start":{"line":76,"column":4},"end":{"line":76,"column":null}},"type":"if","locations":[{"start":{"line":76,"column":4},"end":{"line":76,"column":null}},{"start":{},"end":{}}],"line":76},"3":{"loc":{"start":{"line":77,"column":26},"end":{"line":77,"column":42}},"type":"binary-expr","locations":[{"start":{"line":77,"column":26},"end":{"line":77,"column":40}},{"start":{"line":77,"column":40},"end":{"line":77,"column":42}}],"line":77},"4":{"loc":{"start":{"line":83,"column":19},"end":{"line":83,"column":33}},"type":"binary-expr","locations":[{"start":{"line":83,"column":19},"end":{"line":83,"column":31}},{"start":{"line":83,"column":31},"end":{"line":83,"column":33}}],"line":83},"5":{"loc":{"start":{"line":84,"column":21},"end":{"line":84,"column":37}},"type":"binary-expr","locations":[{"start":{"line":84,"column":21},"end":{"line":84,"column":35}},{"start":{"line":84,"column":35},"end":{"line":84,"column":37}}],"line":84},"6":{"loc":{"start":{"line":85,"column":22},"end":{"line":85,"column":39}},"type":"binary-expr","locations":[{"start":{"line":85,"column":22},"end":{"line":85,"column":37}},{"start":{"line":85,"column":37},"end":{"line":85,"column":39}}],"line":85},"7":{"loc":{"start":{"line":86,"column":21},"end":{"line":86,"column":37}},"type":"binary-expr","locations":[{"start":{"line":86,"column":21},"end":{"line":86,"column":35}},{"start":{"line":86,"column":35},"end":{"line":86,"column":37}}],"line":86},"8":{"loc":{"start":{"line":87,"column":27},"end":{"line":87,"column":49}},"type":"binary-expr","locations":[{"start":{"line":87,"column":27},"end":{"line":87,"column":47}},{"start":{"line":87,"column":47},"end":{"line":87,"column":49}}],"line":87},"9":{"loc":{"start":{"line":88,"column":28},"end":{"line":88,"column":51}},"type":"binary-expr","locations":[{"start":{"line":88,"column":28},"end":{"line":88,"column":49}},{"start":{"line":88,"column":49},"end":{"line":88,"column":51}}],"line":88},"10":{"loc":{"start":{"line":89,"column":25},"end":{"line":89,"column":45}},"type":"binary-expr","locations":[{"start":{"line":89,"column":25},"end":{"line":89,"column":43}},{"start":{"line":89,"column":43},"end":{"line":89,"column":45}}],"line":89},"11":{"loc":{"start":{"line":90,"column":13},"end":{"line":90,"column":null}},"type":"binary-expr","locations":[{"start":{"line":90,"column":13},"end":{"line":90,"column":38}},{"start":{"line":90,"column":38},"end":{"line":90,"column":null}}],"line":90},"12":{"loc":{"start":{"line":91,"column":19},"end":{"line":91,"column":null}},"type":"binary-expr","locations":[{"start":{"line":91,"column":19},"end":{"line":91,"column":50}},{"start":{"line":91,"column":50},"end":{"line":91,"column":null}}],"line":91},"13":{"loc":{"start":{"line":92,"column":21},"end":{"line":92,"column":37}},"type":"binary-expr","locations":[{"start":{"line":92,"column":21},"end":{"line":92,"column":35}},{"start":{"line":92,"column":35},"end":{"line":92,"column":37}}],"line":92},"14":{"loc":{"start":{"line":93,"column":22},"end":{"line":93,"column":null}},"type":"binary-expr","locations":[{"start":{"line":93,"column":22},"end":{"line":93,"column":61}},{"start":{"line":93,"column":61},"end":{"line":93,"column":null}}],"line":93},"15":{"loc":{"start":{"line":94,"column":27},"end":{"line":94,"column":null}},"type":"binary-expr","locations":[{"start":{"line":94,"column":27},"end":{"line":94,"column":72}},{"start":{"line":94,"column":72},"end":{"line":94,"column":null}}],"line":94},"16":{"loc":{"start":{"line":95,"column":26},"end":{"line":95,"column":47}},"type":"binary-expr","locations":[{"start":{"line":95,"column":26},"end":{"line":95,"column":45}},{"start":{"line":95,"column":45},"end":{"line":95,"column":47}}],"line":95},"17":{"loc":{"start":{"line":96,"column":28},"end":{"line":96,"column":51}},"type":"binary-expr","locations":[{"start":{"line":96,"column":28},"end":{"line":96,"column":49}},{"start":{"line":96,"column":49},"end":{"line":96,"column":51}}],"line":96},"18":{"loc":{"start":{"line":107,"column":26},"end":{"line":107,"column":55}},"type":"binary-expr","locations":[{"start":{"line":107,"column":26},"end":{"line":107,"column":50}},{"start":{"line":107,"column":50},"end":{"line":107,"column":55}}],"line":107},"19":{"loc":{"start":{"line":116,"column":20},"end":{"line":116,"column":71}},"type":"binary-expr","locations":[{"start":{"line":116,"column":20},"end":{"line":116,"column":41}},{"start":{"line":116,"column":41},"end":{"line":116,"column":71}}],"line":116},"20":{"loc":{"start":{"line":122,"column":26},"end":{"line":122,"column":55}},"type":"binary-expr","locations":[{"start":{"line":122,"column":26},"end":{"line":122,"column":50}},{"start":{"line":122,"column":50},"end":{"line":122,"column":55}}],"line":122},"21":{"loc":{"start":{"line":130,"column":20},"end":{"line":130,"column":69}},"type":"binary-expr","locations":[{"start":{"line":130,"column":20},"end":{"line":130,"column":41}},{"start":{"line":130,"column":41},"end":{"line":130,"column":69}}],"line":130}},"s":{"0":1,"1":257,"2":1,"3":1,"4":11,"5":10,"6":1,"7":176,"8":1,"9":1,"10":176,"11":176,"12":0,"13":176,"14":176,"15":1,"16":198,"17":1,"18":1,"19":3,"20":3,"21":528,"22":3,"23":81,"24":288,"25":1,"26":1,"27":176,"28":1,"29":15,"30":43},"f":{"0":257,"1":11,"2":176,"3":198,"4":3,"5":81,"6":288,"7":1,"8":15,"9":43},"b":{"0":[257,0],"1":[10,1],"2":[0,176],"3":[176,0],"4":[176,0],"5":[176,0],"6":[176,0],"7":[176,0],"8":[176,0],"9":[176,174],"10":[176,174],"11":[176,0],"12":[176,0],"13":[176,0],"14":[176,64],"15":[176,87],"16":[176,0],"17":[176,0],"18":[528,81],"19":[288,108],"20":[176,15],"21":[43,11]},"meta":{"lastBranch":22,"lastFunction":10,"lastStatement":31,"seen":{"s:27:46:55:Infinity":0,"f:57:9:57:21":0,"s:58:2:58:Infinity":1,"b:58:9:58:34:58:34:58:Infinity":0,"s:61:20:61:Infinity":2,"s:63:31:63:Infinity":3,"f:65:16:65:41":1,"b:66:2:66:Infinity:undefined:undefined:undefined:undefined":1,"s:66:2:66:Infinity":4,"s:66:16:66:Infinity":5,"s:67:16:70:Infinity":6,"f:69:5:69:13":2,"s:69:19:69:38":7,"s:71:27:71:Infinity":8,"s:72:2:98:Infinity":9,"s:73:16:75:Infinity":10,"b:76:4:76:Infinity:undefined:undefined:undefined:undefined":2,"s:76:4:76:Infinity":11,"s:76:20:76:Infinity":12,"s:77:19:77:Infinity":13,"b:77:26:77:40:77:40:77:42":3,"s:78:4:97:Infinity":14,"b:83:19:83:31:83:31:83:33":4,"b:84:21:84:35:84:35:84:37":5,"b:85:22:85:37:85:37:85:39":6,"b:86:21:86:35:86:35:86:37":7,"b:87:27:87:47:87:47:87:49":8,"b:88:28:88:49:88:49:88:51":9,"b:89:25:89:43:89:43:89:45":10,"b:90:13:90:38:90:38:90:Infinity":11,"b:91:19:91:50:91:50:91:Infinity":12,"b:92:21:92:35:92:35:92:37":13,"b:93:22:93:61:93:61:93:Infinity":14,"b:94:27:94:72:94:72:94:Infinity":15,"b:95:26:95:45:95:45:95:47":16,"b:96:28:96:49:96:49:96:51":17,"s:99:2:99:Infinity":15,"f:99:10:99:16":3,"s:99:25:99:53":16,"s:100:2:100:Infinity":17,"s:101:2:101:Infinity":18,"f:104:16:104:29":4,"s:105:17:105:Infinity":19,"s:106:2:108:Infinity":20,"s:107:4:107:Infinity":21,"b:107:26:107:50:107:50:107:55":18,"s:109:2:116:Infinity":22,"f:110:5:110:10":5,"s:110:28:115:6":23,"f:116:5:116:11":6,"s:116:20:116:71":24,"b:116:20:116:41:116:41:116:71":19,"f:119:16:119:29":7,"s:120:17:120:Infinity":25,"s:121:2:123:Infinity":26,"s:122:4:122:Infinity":27,"b:122:26:122:50:122:50:122:55":20,"s:124:2:130:Infinity":28,"f:125:5:125:10":8,"s:125:29:129:6":29,"f:130:5:130:11":9,"s:130:20:130:69":30,"b:130:20:130:41:130:41:130:69":21},"fnNames":{}}}
}
